# JRE version: OpenJDK Runtime Environment Temurin-17.0.12+7 (17.0.12+7) (build 17.0.12+7)
# Java VM: OpenJDK 64-Bit Server VM Temurin-17.0.12+7 (17.0.12+7, mixed mode, sharing, tiered, compressed oops, compressed class ptrs, g1 gc, windows-amd64)
GC Precious Log:
 CPUs: 32 total, 32 available
 Memory: 127G
 Large Page Support: Disabled
 NUMA Support: Disabled
 Compressed Oops: Enabled (Zero based)
 Heap Region Size: 16M
 Heap Min Capacity: 16M
 Heap Initial Capacity: 2G
 Heap Max Capacity: 30688M
 Pre-touch: Disabled
 Parallel Workers: 23
 Concurrent Workers: 6
 Concurrent Refinement Workers: 23
 Periodic GC: Disabled
Heap:
 garbage-first heap   total 442368K, used 126346K [0x0000000082000000, 0x0000000800000000)
  region size 16384K, 2 young (32768K), 1 survivors (16384K)
 Metaspace       used 43742K, committed 44928K, reserved 1114112K
  class space    used 5615K, committed 6144K, reserved 1048576K
GC Heap History (20 events):
Event: 0.776 GC heap after
{Heap after GC invocations=2 (full 0):
 garbage-first heap   total 2097152K, used 20481K [0x0000000082000000, 0x0000000800000000)
  region size 16384K, 1 young (16384K), 1 survivors (16384K)
 Metaspace       used 5105K, committed 5376K, reserved 1114112K
  class space    used 485K, committed 640K, reserved 1048576K
}
Event: 0.922 GC heap before
{Heap before GC invocations=2 (full 0):
 garbage-first heap   total 2097152K, used 102401K [0x0000000082000000, 0x0000000800000000)
  region size 16384K, 6 young (98304K), 1 survivors (16384K)
 Metaspace       used 5180K, committed 5440K, reserved 1114112K
  class space    used 486K, committed 640K, reserved 1048576K
}
Event: 0.923 GC heap after
{Heap after GC invocations=3 (full 0):
 garbage-first heap   total 2097152K, used 24132K [0x0000000082000000, 0x0000000800000000)
  region size 16384K, 1 young (16384K), 1 survivors (16384K)
 Metaspace       used 5180K, committed 5440K, reserved 1114112K
  class space    used 486K, committed 640K, reserved 1048576K
}
Event: 1.110 GC heap before
{Heap before GC invocations=3 (full 0):
 garbage-first heap   total 2097152K, used 155204K [0x0000000082000000, 0x0000000800000000)
  region size 16384K, 9 young (147456K), 1 survivors (16384K)
 Metaspace       used 5329K, committed 5568K, reserved 1114112K
  class space    used 503K, committed 640K, reserved 1048576K
}
Event: 1.114 GC heap after
{Heap after GC invocations=4 (full 0):
 garbage-first heap   total 2097152K, used 30704K [0x0000000082000000, 0x0000000800000000)
  region size 16384K, 1 young (16384K), 1 survivors (16384K)
 Metaspace       used 5329K, committed 5568K, reserved 1114112K
  class space    used 503K, committed 640K, reserved 1048576K
}
Event: 1.888 GC heap before
{Heap before GC invocations=4 (full 0):
 garbage-first heap   total 2097152K, used 161776K [0x0000000082000000, 0x0000000800000000)
  region size 16384K, 10 young (163840K), 1 survivors (16384K)
 Metaspace       used 16904K, committed 17216K, reserved 1114112K
  class space    used 2025K, committed 2176K, reserved 1048576K
}
Event: 1.895 GC heap after
{Heap after GC invocations=5 (full 0):
 garbage-first heap   total 2097152K, used 47035K [0x0000000082000000, 0x0000000800000000)
  region size 16384K, 2 young (32768K), 2 survivors (32768K)
 Metaspace       used 16904K, committed 17216K, reserved 1114112K
  class space    used 2025K, committed 2176K, reserved 1048576K
}
Event: 2.267 GC heap before
{Heap before GC invocations=5 (full 0):
 garbage-first heap   total 2097152K, used 112571K [0x0000000082000000, 0x0000000800000000)
  region size 16384K, 8 young (131072K), 2 survivors (32768K)
 Metaspace       used 21097K, committed 21504K, reserved 1114112K
  class space    used 2558K, committed 2752K, reserved 1048576K
}
Event: 2.272 GC heap after
{Heap after GC invocations=6 (full 0):
 garbage-first heap   total 2097152K, used 58411K [0x0000000082000000, 0x0000000800000000)
  region size 16384K, 3 young (49152K), 3 survivors (49152K)
 Metaspace       used 21097K, committed 21504K, reserved 1114112K
  class space    used 2558K, committed 2752K, reserved 1048576K
}
Event: 2.700 GC heap before
{Heap before GC invocations=7 (full 0):
 garbage-first heap   total 327680K, used 205867K [0x0000000082000000, 0x0000000800000000)
  region size 16384K, 12 young (196608K), 3 survivors (49152K)
 Metaspace       used 26128K, committed 26816K, reserved 1114112K
  class space    used 3186K, committed 3456K, reserved 1048576K
}
Event: 2.709 GC heap after
{Heap after GC invocations=8 (full 0):
 garbage-first heap   total 327680K, used 70491K [0x0000000082000000, 0x0000000800000000)
  region size 16384K, 2 young (32768K), 2 survivors (32768K)
 Metaspace       used 26128K, committed 26816K, reserved 1114112K
  class space    used 3186K, committed 3456K, reserved 1048576K
}
Event: 2.754 GC heap before
{Heap before GC invocations=8 (full 0):
 garbage-first heap   total 327680K, used 86875K [0x0000000082000000, 0x0000000800000000)
  region size 16384K, 3 young (49152K), 2 survivors (32768K)
 Metaspace       used 26377K, committed 27072K, reserved 1114112K
  class space    used 3201K, committed 3520K, reserved 1048576K
}
Event: 2.764 GC heap after
{Heap after GC invocations=9 (full 0):
 garbage-first heap   total 1212416K, used 73437K [0x0000000082000000, 0x0000000800000000)
  region size 16384K, 1 young (16384K), 1 survivors (16384K)
 Metaspace       used 26377K, committed 27072K, reserved 1114112K
  class space    used 3201K, committed 3520K, reserved 1048576K
}
Event: 3.496 GC heap before
{Heap before GC invocations=9 (full 0):
 garbage-first heap   total 1212416K, used 630493K [0x0000000082000000, 0x0000000800000000)
  region size 16384K, 35 young (573440K), 1 survivors (16384K)
 Metaspace       used 28870K, committed 29760K, reserved 1114112K
  class space    used 3523K, committed 3904K, reserved 1048576K
}
Event: 3.500 GC heap after
{Heap after GC invocations=10 (full 0):
 garbage-first heap   total 1212416K, used 81382K [0x0000000082000000, 0x0000000800000000)
  region size 16384K, 1 young (16384K), 1 survivors (16384K)
 Metaspace       used 28870K, committed 29760K, reserved 1114112K
  class space    used 3523K, committed 3904K, reserved 1048576K
}
Event: 4.185 GC heap before
{Heap before GC invocations=10 (full 0):
 garbage-first heap   total 1212416K, used 540134K [0x0000000082000000, 0x0000000800000000)
  region size 16384K, 30 young (491520K), 1 survivors (16384K)
 Metaspace       used 35250K, committed 36160K, reserved 1114112K
  class space    used 4214K, committed 4608K, reserved 1048576K
}
Event: 4.189 GC heap after
{Heap after GC invocations=11 (full 0):
 garbage-first heap   total 1212416K, used 91290K [0x0000000082000000, 0x0000000800000000)
  region size 16384K, 2 young (32768K), 2 survivors (32768K)
 Metaspace       used 35250K, committed 36160K, reserved 1114112K
  class space    used 4214K, committed 4608K, reserved 1048576K
}
Event: 5.017 GC heap before
{Heap before GC invocations=12 (full 0):
 garbage-first heap   total 442368K, used 320666K [0x0000000082000000, 0x0000000800000000)
  region size 16384K, 16 young (262144K), 2 survivors (32768K)
 Metaspace       used 43610K, committed 44736K, reserved 1114112K
  class space    used 5594K, committed 6080K, reserved 1048576K
}
Event: 5.025 GC heap after
{Heap after GC invocations=13 (full 0):
 garbage-first heap   total 442368K, used 109962K [0x0000000082000000, 0x0000000800000000)
  region size 16384K, 2 young (32768K), 2 survivors (32768K)
 Metaspace       used 43610K, committed 44736K, reserved 1114112K
  class space    used 5594K, committed 6080K, reserved 1048576K
}
Event: 5.059 GC heap before
{Heap before GC invocations=13 (full 0):
 garbage-first heap   total 442368K, used 126346K [0x0000000082000000, 0x0000000800000000)
  region size 16384K, 3 young (49152K), 2 survivors (32768K)
 Metaspace       used 43742K, committed 44928K, reserved 1114112K
  class space    used 5615K, committed 6144K, reserved 1048576K
}

